2023-07-26 11:49:34,900 INFO o.a.j.u.JMeterUtils: Setting Locale to en_EN
2023-07-26 11:49:34,916 INFO o.a.j.JMeter: Loading user properties from: C:\apache-jmeter-5.6.2\bin\user.properties
2023-07-26 11:49:34,916 INFO o.a.j.JMeter: Loading system properties from: C:\apache-jmeter-5.6.2\bin\system.properties
2023-07-26 11:49:34,916 INFO o.a.j.JMeter: Copyright (c) 1998-2023 The Apache Software Foundation
2023-07-26 11:49:34,916 INFO o.a.j.JMeter: Version 5.6.2
2023-07-26 11:49:34,916 INFO o.a.j.JMeter: java.version=20.0.1
2023-07-26 11:49:34,916 INFO o.a.j.JMeter: java.vm.name=Java HotSpot(TM) 64-Bit Server VM
2023-07-26 11:49:34,916 INFO o.a.j.JMeter: os.name=Windows 11
2023-07-26 11:49:34,916 INFO o.a.j.JMeter: os.arch=amd64
2023-07-26 11:49:34,916 INFO o.a.j.JMeter: os.version=10.0
2023-07-26 11:49:34,916 INFO o.a.j.JMeter: file.encoding=UTF-8
2023-07-26 11:49:34,916 INFO o.a.j.JMeter: java.awt.headless=true
2023-07-26 11:49:34,916 INFO o.a.j.JMeter: Max memory     =1073741824
2023-07-26 11:49:34,916 INFO o.a.j.JMeter: Available Processors =12
2023-07-26 11:49:34,916 INFO o.a.j.JMeter: Default Locale=English (EN)
2023-07-26 11:49:34,932 INFO o.a.j.JMeter: JMeter  Locale=English (EN)
2023-07-26 11:49:34,932 INFO o.a.j.JMeter: JMeterHome=C:\apache-jmeter-5.6.2
2023-07-26 11:49:34,932 INFO o.a.j.JMeter: user.dir  =C:\apache-jmeter-5.6.2\tests
2023-07-26 11:49:34,932 INFO o.a.j.JMeter: PWD       =C:\apache-jmeter-5.6.2\tests
2023-07-26 11:49:34,935 INFO o.a.j.JMeter: IP: 192.168.68.110 Name: PC_1 FullName: PC_1
2023-07-26 11:49:34,935 INFO o.a.j.JMeter: Setting property 'jmeter.reportgenerator.outputdir' to:'C:\apache-jmeter-5.6.2\tests\results'
2023-07-26 11:49:34,935 INFO o.a.j.s.FileServer: Default base='C:\apache-jmeter-5.6.2\tests'
2023-07-26 11:49:34,935 INFO o.a.j.s.FileServer: Set new base='C:\apache-jmeter-5.6.2\tests'
2023-07-26 11:49:35,092 INFO o.a.j.s.SaveService: Testplan (JMX) version: 2.2. Testlog (JTL) version: 2.2
2023-07-26 11:49:35,108 INFO o.a.j.s.SaveService: Using SaveService properties version 5.0
2023-07-26 11:49:35,108 INFO o.a.j.s.SaveService: Using SaveService properties file encoding UTF-8
2023-07-26 11:49:35,108 INFO o.a.j.s.SaveService: Loading file: C:\apache-jmeter-5.6.2\tests\getArticles.jmx
2023-07-26 11:49:35,154 INFO o.a.j.p.h.s.HTTPSamplerBase: Parser for text/html is org.apache.jmeter.protocol.http.parser.LagartoBasedHtmlParser
2023-07-26 11:49:35,154 INFO o.a.j.p.h.s.HTTPSamplerBase: Parser for application/xhtml+xml is org.apache.jmeter.protocol.http.parser.LagartoBasedHtmlParser
2023-07-26 11:49:35,154 INFO o.a.j.p.h.s.HTTPSamplerBase: Parser for application/xml is org.apache.jmeter.protocol.http.parser.LagartoBasedHtmlParser
2023-07-26 11:49:35,154 INFO o.a.j.p.h.s.HTTPSamplerBase: Parser for text/xml is org.apache.jmeter.protocol.http.parser.LagartoBasedHtmlParser
2023-07-26 11:49:35,154 INFO o.a.j.p.h.s.HTTPSamplerBase: Parser for text/vnd.wap.wml is org.apache.jmeter.protocol.http.parser.RegexpHTMLParser
2023-07-26 11:49:35,154 INFO o.a.j.p.h.s.HTTPSamplerBase: Parser for text/css is org.apache.jmeter.protocol.http.parser.CssParser
2023-07-26 11:49:35,170 INFO o.a.j.JMeter: Creating summariser <summary>
2023-07-26 11:49:35,186 INFO o.a.j.r.d.ReportGenerator: ReportGenerator will use for Parsing the separator: ','
2023-07-26 11:49:35,186 INFO o.a.j.r.d.ReportGenerator: Will generate report at end of test from  results file: C:\apache-jmeter-5.6.2\tests/logFile0.log
2023-07-26 11:49:35,186 INFO o.a.j.r.d.ReportGenerator: Reading report generator properties from: C:\apache-jmeter-5.6.2\bin\reportgenerator.properties
2023-07-26 11:49:35,186 INFO o.a.j.r.d.ReportGenerator: Merging with JMeter properties
2023-07-26 11:49:35,186 INFO o.a.j.r.c.ReportGeneratorConfiguration: Property 'jmeter.reportgenerator.temp_dir' not found, using default value 'temp' instead.
2023-07-26 11:49:35,186 INFO o.a.j.r.c.ReportGeneratorConfiguration: Property 'jmeter.reportgenerator.apdex_per_transaction' not found, using default value 'null' instead.
2023-07-26 11:49:35,186 INFO o.a.j.r.c.ReportGeneratorConfiguration: apdex_per_transaction is empty, not APDEX per transaction customization
2023-07-26 11:49:35,186 INFO o.a.j.r.c.ReportGeneratorConfiguration: Property 'jmeter.reportgenerator.sample_filter' not found, using default value 'null' instead.
2023-07-26 11:49:35,186 INFO o.a.j.r.c.ReportGeneratorConfiguration: Property 'jmeter.reportgenerator.report_title' not found, using default value 'null' instead.
2023-07-26 11:49:35,186 INFO o.a.j.r.c.ReportGeneratorConfiguration: Property 'jmeter.reportgenerator.start_date' not found, using default value 'null' instead.
2023-07-26 11:49:35,186 INFO o.a.j.r.c.ReportGeneratorConfiguration: Property 'jmeter.reportgenerator.end_date' not found, using default value 'null' instead.
2023-07-26 11:49:35,186 INFO o.a.j.r.c.ReportGeneratorConfiguration: Property 'jmeter.reportgenerator.date_format' not found, using default value 'null' instead.
2023-07-26 11:49:35,186 INFO o.a.j.r.c.ReportGeneratorConfiguration: Will use date range start date: null, end date: null
2023-07-26 11:49:35,186 INFO o.a.j.r.c.ReportGeneratorConfiguration: Property 'jmeter.reportgenerator.graph.totalTPS.exclude_controllers' not found, using default value 'false' instead.
2023-07-26 11:49:35,186 INFO o.a.j.r.c.ReportGeneratorConfiguration: Property 'jmeter.reportgenerator.graph.activeThreadsOverTime.exclude_controllers' not found, using default value 'false' instead.
2023-07-26 11:49:35,186 INFO o.a.j.r.c.ReportGeneratorConfiguration: Property 'jmeter.reportgenerator.graph.timeVsThreads.exclude_controllers' not found, using default value 'false' instead.
2023-07-26 11:49:35,186 INFO o.a.j.r.c.ReportGeneratorConfiguration: Property 'jmeter.reportgenerator.graph.responseTimeDistribution.exclude_controllers' not found, using default value 'false' instead.
2023-07-26 11:49:35,186 INFO o.a.j.r.c.ReportGeneratorConfiguration: Property 'jmeter.reportgenerator.graph.transactionsPerSecond.exclude_controllers' not found, using default value 'false' instead.
2023-07-26 11:49:35,186 INFO o.a.j.r.c.ReportGeneratorConfiguration: Property 'jmeter.reportgenerator.graph.responseTimePercentiles.exclude_controllers' not found, using default value 'false' instead.
2023-07-26 11:49:35,186 INFO o.a.j.r.c.ReportGeneratorConfiguration: Property 'jmeter.reportgenerator.graph.responseTimePercentilesOverTime.exclude_controllers' not found, using default value 'false' instead.
2023-07-26 11:49:35,186 INFO o.a.j.r.c.ReportGeneratorConfiguration: Property 'jmeter.reportgenerator.graph.responseTimesOverTime.exclude_controllers' not found, using default value 'false' instead.
2023-07-26 11:49:35,186 INFO o.a.j.r.c.ReportGeneratorConfiguration: Property 'jmeter.reportgenerator.graph.connectTimeOverTime.exclude_controllers' not found, using default value 'false' instead.
2023-07-26 11:49:35,186 INFO o.a.j.r.c.ReportGeneratorConfiguration: Property 'jmeter.reportgenerator.graph.latenciesOverTime.exclude_controllers' not found, using default value 'false' instead.
2023-07-26 11:49:35,186 INFO o.a.j.r.c.ReportGeneratorConfiguration: Property 'jmeter.reportgenerator.exporter.json.filters_only_sample_series' not found, using default value 'true' instead.
2023-07-26 11:49:35,186 INFO o.a.j.r.c.ReportGeneratorConfiguration: Property 'jmeter.reportgenerator.exporter.json.series_filter' not found, using default value '' instead.
2023-07-26 11:49:35,186 INFO o.a.j.r.c.ReportGeneratorConfiguration: Property 'jmeter.reportgenerator.exporter.json.show_controllers_only' not found, using default value 'false' instead.
2023-07-26 11:49:35,186 INFO o.a.j.r.c.ReportGeneratorConfiguration: Property 'jmeter.reportgenerator.exporter.html.filters_only_sample_series' not found, using default value 'true' instead.
2023-07-26 11:49:35,186 INFO o.a.j.r.c.ReportGeneratorConfiguration: Property 'jmeter.reportgenerator.exporter.html.series_filter' not found, using default value '' instead.
2023-07-26 11:49:35,186 INFO o.a.j.r.c.ReportGeneratorConfiguration: Property 'jmeter.reportgenerator.exporter.html.show_controllers_only' not found, using default value 'false' instead.
2023-07-26 11:49:35,202 INFO o.a.j.e.StandardJMeterEngine: Running the test!
2023-07-26 11:49:35,202 INFO o.a.j.s.SampleEvent: List of sample_variables: []
2023-07-26 11:49:35,202 INFO o.a.j.s.SampleEvent: List of sample_variables: []
2023-07-26 11:49:35,202 INFO o.a.j.e.u.CompoundVariable: Note: Function class names must contain the string: '.functions.'
2023-07-26 11:49:35,202 INFO o.a.j.e.u.CompoundVariable: Note: Function class names must not contain the string: '.gui.'
2023-07-26 11:49:35,264 INFO o.a.j.JMeter: Running test (1690386575264)
2023-07-26 11:49:35,280 INFO o.a.j.e.StandardJMeterEngine: Starting ThreadGroup: 1 : Thread Group
2023-07-26 11:49:35,280 INFO o.a.j.e.StandardJMeterEngine: Starting 5 threads for group Thread Group.
2023-07-26 11:49:35,280 INFO o.a.j.e.StandardJMeterEngine: Thread will continue on error
2023-07-26 11:49:35,280 INFO o.a.j.t.ThreadGroup: Starting thread group... number=1 threads=5 ramp-up=1 delayedStart=false
2023-07-26 11:49:35,299 INFO o.a.j.t.ThreadGroup: Started thread group number 1
2023-07-26 11:49:35,299 INFO o.a.j.e.StandardJMeterEngine: All thread groups have been started
2023-07-26 11:49:35,301 INFO o.a.j.t.JMeterThread: Thread started: Thread Group 1-1
2023-07-26 11:49:35,486 INFO o.a.j.t.JMeterThread: Thread started: Thread Group 1-2
2023-07-26 11:49:35,687 INFO o.a.j.t.JMeterThread: Thread started: Thread Group 1-3
2023-07-26 11:49:35,883 INFO o.a.j.t.JMeterThread: Thread started: Thread Group 1-4
2023-07-26 11:49:36,082 INFO o.a.j.t.JMeterThread: Thread started: Thread Group 1-5
2023-07-26 11:49:36,304 INFO o.a.j.p.h.s.HTTPHCAbstractImpl: Local host = PC_1
2023-07-26 11:49:36,304 INFO o.a.j.p.h.s.HTTPHC4Impl: HTTP request retry count = 0
2023-07-26 11:49:36,304 INFO o.a.j.s.SampleResult: Note: Sample TimeStamps are START times
2023-07-26 11:49:36,304 INFO o.a.j.s.SampleResult: sampleresult.default.encoding is set to UTF-8
2023-07-26 11:49:36,304 INFO o.a.j.s.SampleResult: sampleresult.useNanoTime=true
2023-07-26 11:49:36,304 INFO o.a.j.s.SampleResult: sampleresult.nanoThreadSleep=5000
2023-07-26 11:49:36,533 INFO o.a.j.p.h.s.h.LazyLayeredConnectionSocketFactory: Setting up HTTPS TrustAll Socket Factory
2023-07-26 11:49:36,533 INFO o.a.j.u.JsseSSLManager: Using default SSL protocol: TLS
2023-07-26 11:49:36,533 INFO o.a.j.u.JsseSSLManager: SSL session context: per-thread
2023-07-26 11:49:36,702 INFO o.a.j.u.SSLManager: JmeterKeyStore Location:  type JKS
2023-07-26 11:49:36,704 INFO o.a.j.u.SSLManager: KeyStore created OK
2023-07-26 11:49:36,704 WARN o.a.j.u.SSLManager: Keystore file not found, loading empty keystore
2023-07-26 11:50:00,510 INFO o.a.j.r.Summariser: summary +    106 in 00:00:25 =    4.2/s Avg:   128 Min:   104 Max:   808 Err:     0 (0.00%) Active: 5 Started: 5 Finished: 0
2023-07-26 11:50:30,434 INFO o.a.j.r.Summariser: summary +    135 in 00:00:30 =    4.5/s Avg:   108 Min:   102 Max:   447 Err:    86 (63.70%) Active: 5 Started: 5 Finished: 0
2023-07-26 11:50:30,434 INFO o.a.j.r.Summariser: summary =    241 in 00:00:55 =    4.4/s Avg:   117 Min:   102 Max:   808 Err:    86 (35.68%)
2023-07-26 11:50:42,949 INFO o.a.j.t.JMeterThread: Thread is done: Thread Group 1-2
2023-07-26 11:50:42,949 INFO o.a.j.t.JMeterThread: Thread finished: Thread Group 1-2
2023-07-26 11:50:43,018 INFO o.a.j.t.JMeterThread: Thread is done: Thread Group 1-1
2023-07-26 11:50:43,018 INFO o.a.j.t.JMeterThread: Thread finished: Thread Group 1-1
2023-07-26 11:50:43,043 INFO o.a.j.t.JMeterThread: Thread is done: Thread Group 1-4
2023-07-26 11:50:43,043 INFO o.a.j.t.JMeterThread: Thread finished: Thread Group 1-4
2023-07-26 11:50:43,248 INFO o.a.j.t.JMeterThread: Thread is done: Thread Group 1-3
2023-07-26 11:50:43,248 INFO o.a.j.t.JMeterThread: Thread finished: Thread Group 1-3
2023-07-26 11:50:43,377 INFO o.a.j.t.JMeterThread: Thread is done: Thread Group 1-5
2023-07-26 11:50:43,377 INFO o.a.j.t.JMeterThread: Thread finished: Thread Group 1-5
2023-07-26 11:50:43,377 INFO o.a.j.e.StandardJMeterEngine: Notifying test listeners of end of test
2023-07-26 11:50:43,377 INFO o.a.j.r.Summariser: summary +     59 in 00:00:13 =    4.6/s Avg:   131 Min:   102 Max:   438 Err:    59 (100.00%) Active: 0 Started: 5 Finished: 5
2023-07-26 11:50:43,377 INFO o.a.j.r.Summariser: summary =    300 in 00:01:08 =    4.4/s Avg:   120 Min:   102 Max:   808 Err:   145 (48.33%)
2023-07-26 11:50:43,377 INFO o.a.j.JMeter: Generating Dashboard
2023-07-26 11:50:43,377 INFO o.a.j.r.d.ReportGenerator: Flushing result collector before report Generation
2023-07-26 11:50:43,393 INFO o.a.j.r.p.NormalizerSampleConsumer: Using format, 'ms', to parse timeStamp field
2023-07-26 11:50:43,488 INFO o.a.j.r.p.AbstractSampleConsumer: class org.apache.jmeter.report.processor.AggregateConsumer#stopProducing(): beginDate produced 0 samples
2023-07-26 11:50:43,488 INFO o.a.j.r.p.AbstractSampleConsumer: class org.apache.jmeter.report.processor.AggregateConsumer#stopProducing(): endDate produced 0 samples
2023-07-26 11:50:43,488 INFO o.a.j.r.p.AbstractSampleConsumer: class org.apache.jmeter.report.processor.ApdexSummaryConsumer#stopProducing(): apdexSummary produced 0 samples
2023-07-26 11:50:43,488 INFO o.a.j.r.p.AbstractSampleConsumer: class org.apache.jmeter.report.processor.RequestsSummaryConsumer#stopProducing(): requestsSummary produced 0 samples
2023-07-26 11:50:43,488 INFO o.a.j.r.p.AbstractSampleConsumer: class org.apache.jmeter.report.processor.StatisticsSummaryConsumer#stopProducing(): statisticsSummary produced 0 samples
2023-07-26 11:50:43,488 INFO o.a.j.r.p.AbstractSampleConsumer: class org.apache.jmeter.report.processor.Top5ErrorsBySamplerConsumer#stopProducing(): top5ErrorsBySampler produced 0 samples
2023-07-26 11:50:43,488 INFO o.a.j.r.p.AbstractSampleConsumer: class org.apache.jmeter.report.processor.ErrorsSummaryConsumer#stopProducing(): errorsSummary produced 0 samples
2023-07-26 11:50:43,488 INFO o.a.j.r.p.AbstractSampleConsumer: class org.apache.jmeter.report.processor.graph.impl.HitsPerSecondGraphConsumer#stopProducing(): hitsPerSecond produced 0 samples
2023-07-26 11:50:43,504 INFO o.a.j.r.p.AbstractSampleConsumer: class org.apache.jmeter.report.processor.graph.impl.LatencyVSRequestGraphConsumer#stopProducing(): latencyVsRequest produced 0 samples
2023-07-26 11:50:43,504 INFO o.a.j.r.p.AbstractSampleConsumer: class org.apache.jmeter.report.processor.graph.impl.SyntheticResponseTimeDistributionGraphConsumer#stopProducing(): syntheticResponseTimeDistribution produced 0 samples
2023-07-26 11:50:43,504 INFO o.a.j.r.p.AbstractSampleConsumer: class org.apache.jmeter.report.processor.graph.impl.BytesThroughputGraphConsumer#stopProducing(): bytesThroughputOverTime produced 0 samples
2023-07-26 11:50:43,504 INFO o.a.j.r.p.AbstractSampleConsumer: class org.apache.jmeter.report.processor.graph.impl.CodesPerSecondGraphConsumer#stopProducing(): codesPerSecond produced 0 samples
2023-07-26 11:50:43,520 INFO o.a.j.r.p.AbstractSampleConsumer: class org.apache.jmeter.report.processor.graph.impl.ResponseTimeVSRequestGraphConsumer#stopProducing(): responseTimeVsRequest produced 0 samples
2023-07-26 11:50:43,520 INFO o.a.j.r.p.AbstractSampleConsumer: class org.apache.jmeter.report.processor.FilterConsumer#stopProducing(): startIntervalControlerFilter produced 2100 samples
2023-07-26 11:50:43,520 INFO o.a.j.r.p.AbstractSampleConsumer: class org.apache.jmeter.report.processor.graph.impl.TotalTPSGraphConsumer#stopProducing(): totalTPS produced 0 samples
2023-07-26 11:50:43,520 INFO o.a.j.r.p.AbstractSampleConsumer: class org.apache.jmeter.report.processor.graph.impl.ActiveThreadsGraphConsumer#stopProducing(): activeThreadsOverTime produced 0 samples
2023-07-26 11:50:43,520 INFO o.a.j.r.p.AbstractSampleConsumer: class org.apache.jmeter.report.processor.graph.impl.TimeVSThreadGraphConsumer#stopProducing(): timeVsThreads produced 0 samples
2023-07-26 11:50:43,520 INFO o.a.j.r.p.AbstractSampleConsumer: class org.apache.jmeter.report.processor.graph.impl.ResponseTimeDistributionGraphConsumer#stopProducing(): responseTimeDistribution produced 0 samples
2023-07-26 11:50:43,520 INFO o.a.j.r.p.AbstractSampleConsumer: class org.apache.jmeter.report.processor.graph.impl.TransactionsPerSecondGraphConsumer#stopProducing(): transactionsPerSecond produced 0 samples
2023-07-26 11:50:43,520 INFO o.a.j.r.p.AbstractSampleConsumer: class org.apache.jmeter.report.processor.graph.impl.ResponseTimePercentilesGraphConsumer#stopProducing(): responseTimePercentiles produced 0 samples
2023-07-26 11:50:43,520 INFO o.a.j.r.p.AbstractSampleConsumer: class org.apache.jmeter.report.processor.graph.impl.ResponseTimePercentilesOverTimeGraphConsumer#stopProducing(): responseTimePercentilesOverTime produced 0 samples
2023-07-26 11:50:43,520 INFO o.a.j.r.p.AbstractSampleConsumer: class org.apache.jmeter.report.processor.graph.impl.ResponseTimeOverTimeGraphConsumer#stopProducing(): responseTimesOverTime produced 0 samples
2023-07-26 11:50:43,520 INFO o.a.j.r.p.AbstractSampleConsumer: class org.apache.jmeter.report.processor.graph.impl.ConnectTimeOverTimeGraphConsumer#stopProducing(): connectTimeOverTime produced 0 samples
2023-07-26 11:50:43,520 INFO o.a.j.r.p.AbstractSampleConsumer: class org.apache.jmeter.report.processor.graph.impl.LatencyOverTimeGraphConsumer#stopProducing(): latenciesOverTime produced 0 samples
2023-07-26 11:50:43,520 INFO o.a.j.r.p.AbstractSampleConsumer: class org.apache.jmeter.report.processor.FilterConsumer#stopProducing(): nameFilter produced 4500 samples
2023-07-26 11:50:43,520 INFO o.a.j.r.p.AbstractSampleConsumer: class org.apache.jmeter.report.processor.FilterConsumer#stopProducing(): dateRangeFilter produced 900 samples
2023-07-26 11:50:43,520 INFO o.a.j.r.p.AbstractSampleConsumer: class org.apache.jmeter.report.processor.NormalizerSampleConsumer#stopProducing(): normalizer produced 300 samples
2023-07-26 11:50:43,520 INFO o.a.j.r.p.CsvFileSampleSource: produce(): 300 samples produced in 101ms on channel 0
2023-07-26 11:50:43,520 INFO o.a.j.r.d.ReportGenerator: Exporting data using exporter:'json' of className:'org.apache.jmeter.report.dashboard.JsonExporter'
2023-07-26 11:50:43,619 INFO o.a.j.r.d.JsonExporter: Found data for consumer statisticsSummary in context
2023-07-26 11:50:43,619 INFO o.a.j.r.d.JsonExporter: Creating statistics for overall
2023-07-26 11:50:43,619 INFO o.a.j.r.d.JsonExporter: Creating statistics for other transactions
2023-07-26 11:50:43,619 INFO o.a.j.r.d.JsonExporter: Checking output folder
2023-07-26 11:50:43,619 INFO o.a.j.r.d.JsonExporter: Writing statistics JSON to C:\apache-jmeter-5.6.2\tests\results\statistics.json
2023-07-26 11:50:43,645 INFO o.a.j.r.d.ReportGenerator: Exporting data using exporter:'html' of className:'org.apache.jmeter.report.dashboard.HtmlTemplateExporter'
2023-07-26 11:50:43,661 INFO o.a.j.r.d.HtmlTemplateExporter: Will generate dashboard in folder: C:\apache-jmeter-5.6.2\tests\results
2023-07-26 11:50:43,724 INFO o.a.j.r.d.HtmlTemplateExporter: Report will be generated in: C:\apache-jmeter-5.6.2\tests\results, creating folder structure
2023-07-26 11:50:43,724 INFO o.a.j.r.d.TemplateVisitor: Copying folder from 'C:\apache-jmeter-5.6.2\bin\report-template' to 'C:\apache-jmeter-5.6.2\tests\results', got message: C:\apache-jmeter-5.6.2\tests\results, found non empty folder with following content [C:\apache-jmeter-5.6.2\tests\results\statistics.json], will be ignored
2023-07-26 11:50:44,321 INFO o.a.j.JMeter: Dashboard generated
